<?xml version="1.0"?>
<testsuite name="Chrome Headless 128.0.0.0 (Windows 10)" package="unit" timestamp="2024-09-03T09:55:24" id="0" hostname="DESKTOP-PEO2I2O" tests="5" errors="0" failures="5" time="0.169">
  <properties>
    <property name="browser.fullName" value="Mozilla/5.0 (Windows NT 10.0; Win64; x64) AppleWebKit/537.36 (KHTML, like Gecko) HeadlessChrome/128.0.0.0 Safari/537.36"/>
  </properties>
  <testcase name="Theme Toggler Button Integration Test should toggle theme correctly" time="0.107" classname=".Theme Toggler Button Integration Test">
    <failure type="">Expected undefined to be 'dark'.
    at &lt;Jasmine&gt;
    at Object.next (src/test/task13/themeToggle.components.spec.ts:105:21)
    at ConsumerObserver.next (node_modules/rxjs/dist/esm/internal/Subscriber.js:91:33)
    at SafeSubscriber._next (node_modules/rxjs/dist/esm/internal/Subscriber.js:60:26)
    at SafeSubscriber.next (node_modules/rxjs/dist/esm/internal/Subscriber.js:31:18)
</failure>
    <failure type="">Expected undefined to be 'light'.
    at &lt;Jasmine&gt;
    at Object.next (src/test/task13/themeToggle.components.spec.ts:115:21)
    at ConsumerObserver.next (node_modules/rxjs/dist/esm/internal/Subscriber.js:91:33)
    at SafeSubscriber._next (node_modules/rxjs/dist/esm/internal/Subscriber.js:60:26)
    at SafeSubscriber.next (node_modules/rxjs/dist/esm/internal/Subscriber.js:31:18)
</failure>
  </testcase>
  <testcase name="Theme Toggler Button Integration Test should initialize with the correct theme" time="0.013" classname=".Theme Toggler Button Integration Test">
    <failure type="">Expected undefined to be 'light'.
    at &lt;Jasmine&gt;
    at Object.next (src/test/task13/themeToggle.components.spec.ts:92:21)
    at ConsumerObserver.next (node_modules/rxjs/dist/esm/internal/Subscriber.js:91:33)
    at SafeSubscriber._next (node_modules/rxjs/dist/esm/internal/Subscriber.js:60:26)
    at SafeSubscriber.next (node_modules/rxjs/dist/esm/internal/Subscriber.js:31:18)
</failure>
  </testcase>
  <testcase name="Theme Toggler Button Integration Test should have body class bg-gray-900 on beneficiary page when dark mode is enabled" time="0.026" classname=".Theme Toggler Button Integration Test">
    <failure type="">Expected false to be true.
    at &lt;Jasmine&gt;
    at UserContext.apply (src/test/task13/themeToggle.components.spec.ts:153:61)
    at UserContext.apply (node_modules/zone.js/fesm2015/zone-testing.js:1987:30)
    at _ZoneDelegate.invoke (node_modules/zone.js/fesm2015/zone.js:368:26)
    at ProxyZoneSpec.onInvoke (node_modules/zone.js/fesm2015/zone-testing.js:273:39)
</failure>
  </testcase>
  <testcase name="Theme Toggler Button Integration Test should call setDarkTheme when toggling from dark to light" time="0.012" classname=".Theme Toggler Button Integration Test">
    <failure type="">Expected undefined to be 'light'.
    at &lt;Jasmine&gt;
    at Object.next (src/test/task13/themeToggle.components.spec.ts:136:21)
    at ConsumerObserver.next (node_modules/rxjs/dist/esm/internal/Subscriber.js:91:33)
    at SafeSubscriber._next (node_modules/rxjs/dist/esm/internal/Subscriber.js:60:26)
    at SafeSubscriber.next (node_modules/rxjs/dist/esm/internal/Subscriber.js:31:18)
</failure>
  </testcase>
  <testcase name="Theme Toggler Button Integration Test should call setDarkTheme when toggling from light to dark" time="0.011" classname=".Theme Toggler Button Integration Test">
    <failure type="">Expected undefined to be 'dark'.
    at &lt;Jasmine&gt;
    at Object.next (src/test/task13/themeToggle.components.spec.ts:125:21)
    at ConsumerObserver.next (node_modules/rxjs/dist/esm/internal/Subscriber.js:91:33)
    at SafeSubscriber._next (node_modules/rxjs/dist/esm/internal/Subscriber.js:60:26)
    at SafeSubscriber.next (node_modules/rxjs/dist/esm/internal/Subscriber.js:31:18)
</failure>
    <failure type="">Expected false to be true.
    at &lt;Jasmine&gt;
    at Object.next (src/test/task13/themeToggle.components.spec.ts:126:36)
    at ConsumerObserver.next (node_modules/rxjs/dist/esm/internal/Subscriber.js:91:33)
    at SafeSubscriber._next (node_modules/rxjs/dist/esm/internal/Subscriber.js:60:26)
    at SafeSubscriber.next (node_modules/rxjs/dist/esm/internal/Subscriber.js:31:18)
</failure>
  </testcase>
  <system-out>
    <![CDATA[Chrome Headless 128.0.0.0 (Windows 10) WARN: 'Navigation triggered outside Angular zone, did you forget to call 'ngZone.run()'?'
,Chrome Headless 128.0.0.0 (Windows 10) LOG: [Object{accountId: 2, name: 'Beneficiary 1'}]

]]>
  </system-out>
  <system-err/>
</testsuite>