<?xml version="1.0"?>
<testsuite name="Chrome Headless 127.0.6533.120 (Windows 10)" package="unit" timestamp="2024-08-19T17:35:07" id="0" hostname="DESKTOP-PEO2I2O" tests="12" errors="0" failures="6" time="0.083">
  <properties>
    <property name="browser.fullName" value="Mozilla/5.0 (Windows NT 10.0; Win64; x64) AppleWebKit/537.36 (KHTML, like Gecko) HeadlessChrome/127.0.6533.120 Safari/537.36"/>
  </properties>
  <testcase name="ApplyLoanComponent should return correct options for loan types" time="0.042" classname=".ApplyLoanComponent"/>
  <testcase name="ApplyLoanComponent should initialize the form with dynamic controls" time="0.008" classname=".ApplyLoanComponent">
    <failure type="">Expected false to be true.
    at &lt;Jasmine&gt;
    at forEach (src/test/task10/apply-loan.component.spec.ts:27:58)
    at Array.forEach (&lt;anonymous&gt;)
    at UserContext.apply (src/test/task10/apply-loan.component.spec.ts:26:21)
    at _ZoneDelegate.invoke (node_modules/zone.js/fesm2015/zone.js:368:26)
</failure>
    <failure type="">Expected false to be true.
    at &lt;Jasmine&gt;
    at forEach (src/test/task10/apply-loan.component.spec.ts:27:58)
    at Array.forEach (&lt;anonymous&gt;)
    at UserContext.apply (src/test/task10/apply-loan.component.spec.ts:26:21)
    at _ZoneDelegate.invoke (node_modules/zone.js/fesm2015/zone.js:368:26)
</failure>
    <failure type="">Expected false to be true.
    at &lt;Jasmine&gt;
    at forEach (src/test/task10/apply-loan.component.spec.ts:27:58)
    at Array.forEach (&lt;anonymous&gt;)
    at UserContext.apply (src/test/task10/apply-loan.component.spec.ts:26:21)
    at _ZoneDelegate.invoke (node_modules/zone.js/fesm2015/zone.js:368:26)
</failure>
    <failure type="">Expected false to be true.
    at &lt;Jasmine&gt;
    at forEach (src/test/task10/apply-loan.component.spec.ts:27:58)
    at Array.forEach (&lt;anonymous&gt;)
    at UserContext.apply (src/test/task10/apply-loan.component.spec.ts:26:21)
    at _ZoneDelegate.invoke (node_modules/zone.js/fesm2015/zone.js:368:26)
</failure>
    <failure type="">Expected false to be true.
    at &lt;Jasmine&gt;
    at forEach (src/test/task10/apply-loan.component.spec.ts:27:58)
    at Array.forEach (&lt;anonymous&gt;)
    at UserContext.apply (src/test/task10/apply-loan.component.spec.ts:26:21)
    at _ZoneDelegate.invoke (node_modules/zone.js/fesm2015/zone.js:368:26)
</failure>
    <failure type="">Expected false to be true.
    at &lt;Jasmine&gt;
    at forEach (src/test/task10/apply-loan.component.spec.ts:27:58)
    at Array.forEach (&lt;anonymous&gt;)
    at UserContext.apply (src/test/task10/apply-loan.component.spec.ts:26:21)
    at _ZoneDelegate.invoke (node_modules/zone.js/fesm2015/zone.js:368:26)
</failure>
    <failure type="">Expected false to be true.
    at &lt;Jasmine&gt;
    at forEach (src/test/task10/apply-loan.component.spec.ts:27:58)
    at Array.forEach (&lt;anonymous&gt;)
    at UserContext.apply (src/test/task10/apply-loan.component.spec.ts:26:21)
    at _ZoneDelegate.invoke (node_modules/zone.js/fesm2015/zone.js:368:26)
</failure>
    <failure type="">Expected false to be true.
    at &lt;Jasmine&gt;
    at forEach (src/test/task10/apply-loan.component.spec.ts:27:58)
    at Array.forEach (&lt;anonymous&gt;)
    at UserContext.apply (src/test/task10/apply-loan.component.spec.ts:26:21)
    at _ZoneDelegate.invoke (node_modules/zone.js/fesm2015/zone.js:368:26)
</failure>
    <failure type="">Expected false to be true.
    at &lt;Jasmine&gt;
    at forEach (src/test/task10/apply-loan.component.spec.ts:27:58)
    at Array.forEach (&lt;anonymous&gt;)
    at UserContext.apply (src/test/task10/apply-loan.component.spec.ts:26:21)
    at _ZoneDelegate.invoke (node_modules/zone.js/fesm2015/zone.js:368:26)
</failure>
    <failure type="">Expected false to be true.
    at &lt;Jasmine&gt;
    at forEach (src/test/task10/apply-loan.component.spec.ts:27:58)
    at Array.forEach (&lt;anonymous&gt;)
    at UserContext.apply (src/test/task10/apply-loan.component.spec.ts:26:21)
    at _ZoneDelegate.invoke (node_modules/zone.js/fesm2015/zone.js:368:26)
</failure>
    <failure type="">Expected false to be true.
    at &lt;Jasmine&gt;
    at forEach (src/test/task10/apply-loan.component.spec.ts:27:58)
    at Array.forEach (&lt;anonymous&gt;)
    at UserContext.apply (src/test/task10/apply-loan.component.spec.ts:26:21)
    at _ZoneDelegate.invoke (node_modules/zone.js/fesm2015/zone.js:368:26)
</failure>
    <failure type="">Expected false to be true.
    at &lt;Jasmine&gt;
    at forEach (src/test/task10/apply-loan.component.spec.ts:27:58)
    at Array.forEach (&lt;anonymous&gt;)
    at UserContext.apply (src/test/task10/apply-loan.component.spec.ts:26:21)
    at _ZoneDelegate.invoke (node_modules/zone.js/fesm2015/zone.js:368:26)
</failure>
    <failure type="">Expected false to be true.
    at &lt;Jasmine&gt;
    at forEach (src/test/task10/apply-loan.component.spec.ts:27:58)
    at Array.forEach (&lt;anonymous&gt;)
    at UserContext.apply (src/test/task10/apply-loan.component.spec.ts:26:21)
    at _ZoneDelegate.invoke (node_modules/zone.js/fesm2015/zone.js:368:26)
</failure>
    <failure type="">Expected false to be true.
    at &lt;Jasmine&gt;
    at forEach (src/test/task10/apply-loan.component.spec.ts:27:58)
    at Array.forEach (&lt;anonymous&gt;)
    at UserContext.apply (src/test/task10/apply-loan.component.spec.ts:26:21)
    at _ZoneDelegate.invoke (node_modules/zone.js/fesm2015/zone.js:368:26)
</failure>
    <failure type="">Expected false to be true.
    at &lt;Jasmine&gt;
    at forEach (src/test/task10/apply-loan.component.spec.ts:27:58)
    at Array.forEach (&lt;anonymous&gt;)
    at UserContext.apply (src/test/task10/apply-loan.component.spec.ts:26:21)
    at _ZoneDelegate.invoke (node_modules/zone.js/fesm2015/zone.js:368:26)
</failure>
  </testcase>
  <testcase name="ApplyLoanComponent should create steps correctly based on categories" time="0.004" classname=".ApplyLoanComponent">
    <failure type="">Expected 0 to be 3.
    at &lt;Jasmine&gt;
    at UserContext.apply (src/test/task10/apply-loan.component.spec.ts:54:36)
    at _ZoneDelegate.invoke (node_modules/zone.js/fesm2015/zone.js:368:26)
    at ProxyZoneSpec.onInvoke (node_modules/zone.js/fesm2015/zone-testing.js:273:39)
    at _ZoneDelegate.invoke (node_modules/zone.js/fesm2015/zone.js:367:52)
</failure>
    <failure type="">TypeError: Cannot read properties of undefined (reading 'category')
    at forEach (src/test/task10/apply-loan.component.spec.ts:56:37)
    at Array.forEach (&lt;anonymous&gt;)
    at UserContext.apply (src/test/task10/apply-loan.component.spec.ts:55:26)
    at _ZoneDelegate.invoke (node_modules/zone.js/fesm2015/zone.js:368:26)
    at ProxyZoneSpec.onInvoke (node_modules/zone.js/fesm2015/zone-testing.js:273:39)
    at _ZoneDelegate.invoke (node_modules/zone.js/fesm2015/zone.js:367:52)
    at Zone.run (node_modules/zone.js/fesm2015/zone.js:129:43)
    at runInTestZone (node_modules/zone.js/fesm2015/zone-testing.js:555:34)
    at UserContext.&lt;anonymous&gt; (node_modules/zone.js/fesm2015/zone-testing.js:570:20)
    at &lt;Jasmine&gt;
</failure>
  </testcase>
  <testcase name="ApplyLoanComponent should return null for valid PAN number" time="0.003" classname=".ApplyLoanComponent"/>
  <testcase name="ApplyLoanComponent should move to the next step when valid" time="0.004" classname=".ApplyLoanComponent">
    <failure type="">Expected 0 to be 1.
    at &lt;Jasmine&gt;
    at UserContext.apply (src/test/task10/apply-loan.component.spec.ts:64:35)
    at _ZoneDelegate.invoke (node_modules/zone.js/fesm2015/zone.js:368:26)
    at ProxyZoneSpec.onInvoke (node_modules/zone.js/fesm2015/zone-testing.js:273:39)
    at _ZoneDelegate.invoke (node_modules/zone.js/fesm2015/zone.js:367:52)
</failure>
  </testcase>
  <testcase name="ApplyLoanComponent should return error for invalid PAN number" time="0.003" classname=".ApplyLoanComponent"/>
  <testcase name="ApplyLoanComponent should not move to the next step when invalid" time="0.003" classname=".ApplyLoanComponent"/>
  <testcase name="ApplyLoanComponent should move to the previous step" time="0.003" classname=".ApplyLoanComponent"/>
  <testcase name="ApplyLoanComponent should not submit the form if invalid" time="0.003" classname=".ApplyLoanComponent">
    <failure type="">Error: NG01000: 
    There are no form controls registered with this group yet. If you're using ngModel,
    you may want to check next tick (e.g. use setTimeout).
  
error properties: Object({ code: 1000 })
    at assertControlPresent (node_modules/@angular/forms/fesm2022/forms.mjs:1582:15)
    at forEach (node_modules/@angular/forms/fesm2022/forms.mjs:2669:13)
    at Array.forEach (&lt;anonymous&gt;)
    at FormGroup.setValue (node_modules/@angular/forms/fesm2022/forms.mjs:2668:28)
    at UserContext.apply (src/test/task10/apply-loan.component.spec.ts:105:27)
    at _ZoneDelegate.invoke (node_modules/zone.js/fesm2015/zone.js:368:26)
    at ProxyZoneSpec.onInvoke (node_modules/zone.js/fesm2015/zone-testing.js:273:39)
    at _ZoneDelegate.invoke (node_modules/zone.js/fesm2015/zone.js:367:52)
    at Zone.run (node_modules/zone.js/fesm2015/zone.js:129:43)
    at runInTestZone (node_modules/zone.js/fesm2015/zone-testing.js:555:34)
</failure>
  </testcase>
  <testcase name="ApplyLoanComponent should submit the form if valid" time="0.003" classname=".ApplyLoanComponent">
    <failure type="">Error: NG01000: 
    There are no form controls registered with this group yet. If you're using ngModel,
    you may want to check next tick (e.g. use setTimeout).
  
error properties: Object({ code: 1000 })
    at assertControlPresent (node_modules/@angular/forms/fesm2022/forms.mjs:1582:15)
    at forEach (node_modules/@angular/forms/fesm2022/forms.mjs:2669:13)
    at Array.forEach (&lt;anonymous&gt;)
    at FormGroup.setValue (node_modules/@angular/forms/fesm2022/forms.mjs:2668:28)
    at UserContext.apply (src/test/task10/apply-loan.component.spec.ts:82:27)
    at _ZoneDelegate.invoke (node_modules/zone.js/fesm2015/zone.js:368:26)
    at ProxyZoneSpec.onInvoke (node_modules/zone.js/fesm2015/zone-testing.js:273:39)
    at _ZoneDelegate.invoke (node_modules/zone.js/fesm2015/zone.js:367:52)
    at Zone.run (node_modules/zone.js/fesm2015/zone.js:129:43)
    at runInTestZone (node_modules/zone.js/fesm2015/zone-testing.js:555:34)
</failure>
  </testcase>
  <testcase name="ApplyLoanComponent should return correct options for states" time="0.004" classname=".ApplyLoanComponent"/>
  <testcase name="ApplyLoanComponent should display error message for required field" time="0.003" classname=".ApplyLoanComponent">
    <failure type="">Expected '' to be 'This field is required'.
    at &lt;Jasmine&gt;
    at UserContext.apply (src/test/task10/apply-loan.component.spec.ts:37:26)
    at _ZoneDelegate.invoke (node_modules/zone.js/fesm2015/zone.js:368:26)
    at ProxyZoneSpec.onInvoke (node_modules/zone.js/fesm2015/zone-testing.js:273:39)
    at _ZoneDelegate.invoke (node_modules/zone.js/fesm2015/zone.js:367:52)
</failure>
  </testcase>
  <system-out>
    <![CDATA[
]]>
  </system-out>
  <system-err/>
</testsuite>