<?xml version="1.0"?>
<testsuite name="Chrome Headless 124.0.6367.92 (Windows 10)" package="unit" timestamp="2024-05-15T13:52:07" id="0" hostname="DESKTOP-PEO2I2O" tests="4" errors="0" failures="4" time="0.117">
  <properties>
    <property name="browser.fullName" value="Mozilla/5.0 (Windows NT 10.0; Win64; x64) AppleWebKit/537.36 (KHTML, like Gecko) HeadlessChrome/124.0.6367.92 Safari/537.36"/>
  </properties>
  <testcase name="CardsComponent Block and Unblock Should block frist card" time="0.086" classname=".CardsComponent Block and Unblock">
    <failure type="">TypeError: Cannot read properties of null (reading 'blockInput')
    at UserContext.apply (src/test/task1/cards.block.spec.ts:122:25)
    at _ZoneDelegate.invoke (node_modules/zone.js/fesm2015/zone.js:368:26)
    at ProxyZoneSpec.onInvoke (node_modules/zone.js/fesm2015/zone-testing.js:273:39)
    at _ZoneDelegate.invoke (node_modules/zone.js/fesm2015/zone.js:367:52)
    at Zone.run (node_modules/zone.js/fesm2015/zone.js:129:43)
    at runInTestZone (node_modules/zone.js/fesm2015/zone-testing.js:555:34)
    at UserContext.&lt;anonymous&gt; (node_modules/zone.js/fesm2015/zone-testing.js:570:20)
    at &lt;Jasmine&gt;
</failure>
  </testcase>
  <testcase name="CardsComponent Block and Unblock Should unblock frist card" time="0.012" classname=".CardsComponent Block and Unblock">
    <failure type="">TypeError: Cannot read properties of null (reading 'blockInput')
    at UserContext.apply (src/test/task1/cards.block.spec.ts:130:25)
    at _ZoneDelegate.invoke (node_modules/zone.js/fesm2015/zone.js:368:26)
    at ProxyZoneSpec.onInvoke (node_modules/zone.js/fesm2015/zone-testing.js:273:39)
    at _ZoneDelegate.invoke (node_modules/zone.js/fesm2015/zone.js:367:52)
    at Zone.run (node_modules/zone.js/fesm2015/zone.js:129:43)
    at runInTestZone (node_modules/zone.js/fesm2015/zone-testing.js:555:34)
    at UserContext.&lt;anonymous&gt; (node_modules/zone.js/fesm2015/zone-testing.js:570:20)
    at &lt;Jasmine&gt;
</failure>
  </testcase>
  <testcase name="CardsComponent Block and Unblock Should unblock second card" time="0.01" classname=".CardsComponent Block and Unblock">
    <failure type="">TypeError: Cannot read properties of null (reading 'blockInput')
    at UserContext.apply (src/test/task1/cards.block.spec.ts:146:25)
    at _ZoneDelegate.invoke (node_modules/zone.js/fesm2015/zone.js:368:26)
    at ProxyZoneSpec.onInvoke (node_modules/zone.js/fesm2015/zone-testing.js:273:39)
    at _ZoneDelegate.invoke (node_modules/zone.js/fesm2015/zone.js:367:52)
    at Zone.run (node_modules/zone.js/fesm2015/zone.js:129:43)
    at runInTestZone (node_modules/zone.js/fesm2015/zone-testing.js:555:34)
    at UserContext.&lt;anonymous&gt; (node_modules/zone.js/fesm2015/zone-testing.js:570:20)
    at &lt;Jasmine&gt;
</failure>
  </testcase>
  <testcase name="CardsComponent Block and Unblock Should block second card" time="0.009" classname=".CardsComponent Block and Unblock">
    <failure type="">TypeError: Cannot read properties of null (reading 'blockInput')
    at UserContext.apply (src/test/task1/cards.block.spec.ts:138:25)
    at _ZoneDelegate.invoke (node_modules/zone.js/fesm2015/zone.js:368:26)
    at ProxyZoneSpec.onInvoke (node_modules/zone.js/fesm2015/zone-testing.js:273:39)
    at _ZoneDelegate.invoke (node_modules/zone.js/fesm2015/zone.js:367:52)
    at Zone.run (node_modules/zone.js/fesm2015/zone.js:129:43)
    at runInTestZone (node_modules/zone.js/fesm2015/zone-testing.js:555:34)
    at UserContext.&lt;anonymous&gt; (node_modules/zone.js/fesm2015/zone-testing.js:570:20)
    at &lt;Jasmine&gt;
</failure>
  </testcase>
  <system-out>
    <![CDATA[
]]>
  </system-out>
  <system-err/>
</testsuite>